<?xml version="1.0" encoding="UTF-8"?>
<testng-results ignored="0" total="2" passed="2" failed="0" skipped="0">
  <reporter-output>
  </reporter-output>
  <suite started-at="2024-11-15T12:25:08 IST" name="Default suite" finished-at="2024-11-15T12:25:25 IST" duration-ms="17160">
    <groups>
    </groups>
    <test started-at="2024-11-15T12:25:08 IST" name="Default test" finished-at="2024-11-15T12:25:25 IST" duration-ms="17160">
      <class name="testpages.RegisterPageTest">
        <test-method is-config="true" signature="initializeExtentReport()[pri:0, instance:testpages.RegisterPageTest@74e28667]" started-at="2024-11-15T12:25:08 IST" name="initializeExtentReport" finished-at="2024-11-15T12:25:08 IST" duration-ms="395" status="PASS">
          <reporter-output>
          </reporter-output>
        </test-method> <!-- initializeExtentReport -->
        <test-method is-config="true" signature="openBrowser(org.testng.ITestContext)[pri:0, instance:testpages.RegisterPageTest@74e28667]" started-at="2024-11-15T12:25:08 IST" name="openBrowser" finished-at="2024-11-15T12:25:14 IST" duration-ms="5711" status="PASS">
          <params>
            <param index="0">
              <value>
                <![CDATA[org.testng.TestRunner@443cdaa4]]>
              </value>
            </param>
          </params>
          <reporter-output>
          </reporter-output>
        </test-method> <!-- openBrowser -->
        <test-method is-config="true" signature="setUp()[pri:0, instance:testpages.RegisterPageTest@74e28667]" started-at="2024-11-15T12:25:14 IST" name="setUp" finished-at="2024-11-15T12:25:20 IST" duration-ms="5496" status="PASS">
          <reporter-output>
          </reporter-output>
        </test-method> <!-- setUp -->
        <test-method signature="testRegistration(java.lang.String,java.lang.String,java.lang.String,java.lang.String)[pri:0, instance:testpages.RegisterPageTest@74e28667]" started-at="2024-11-15T12:25:21 IST" name="testRegistration" data-provider="registrationData" finished-at="2024-11-15T12:25:22 IST" duration-ms="1321" status="PASS">
          <params>
            <param index="0">
              <value>
                <![CDATA[siva]]>
              </value>
            </param>
            <param index="1">
              <value>
                <![CDATA[admin123]]>
              </value>
            </param>
            <param index="2">
              <value>
                <![CDATA[admin123]]>
              </value>
            </param>
            <param index="3">
              <value>
                <![CDATA[siva@gmail.com]]>
              </value>
            </param>
          </params>
          <reporter-output>
          </reporter-output>
        </test-method> <!-- testRegistration -->
        <test-method is-config="true" signature="generateTestStatus(java.lang.reflect.Method,org.testng.ITestResult)[pri:0, instance:testpages.RegisterPageTest@74e28667]" started-at="2024-11-15T12:25:22 IST" name="generateTestStatus" finished-at="2024-11-15T12:25:22 IST" duration-ms="16" status="PASS">
          <params>
            <param index="0">
              <value>
                <![CDATA[public void testpages.RegisterPageTest.testRegistration(java.lang.String,java.lang.String,java.lang.String,java.lang.String)]]>
              </value>
            </param>
            <param index="1">
              <value>
                <![CDATA[[TestResult name=testRegistration status=SUCCESS method=RegisterPageTest.testRegistration(java.lang.String,java.lang.String,java.lang.String,java.lang.String)[pri:0, instance:testpages.RegisterPageTest@74e28667] output={null}]]]>
              </value>
            </param>
          </params>
          <reporter-output>
          </reporter-output>
        </test-method> <!-- generateTestStatus -->
        <test-method signature="testRegistration(java.lang.String,java.lang.String,java.lang.String,java.lang.String)[pri:0, instance:testpages.RegisterPageTest@74e28667]" started-at="2024-11-15T12:25:22 IST" name="testRegistration" data-provider="registrationData" finished-at="2024-11-15T12:25:23 IST" duration-ms="377" status="PASS">
          <params>
            <param index="0">
              <value>
                <![CDATA[bharath]]>
              </value>
            </param>
            <param index="1">
              <value>
                <![CDATA[bh123]]>
              </value>
            </param>
            <param index="2">
              <value>
                <![CDATA[bh@123]]>
              </value>
            </param>
            <param index="3">
              <value>
                <![CDATA[bharath@gmail.com]]>
              </value>
            </param>
          </params>
          <reporter-output>
          </reporter-output>
        </test-method> <!-- testRegistration -->
        <test-method is-config="true" signature="generateTestStatus(java.lang.reflect.Method,org.testng.ITestResult)[pri:0, instance:testpages.RegisterPageTest@74e28667]" started-at="2024-11-15T12:25:23 IST" name="generateTestStatus" finished-at="2024-11-15T12:25:23 IST" duration-ms="1" status="PASS">
          <params>
            <param index="0">
              <value>
                <![CDATA[public void testpages.RegisterPageTest.testRegistration(java.lang.String,java.lang.String,java.lang.String,java.lang.String)]]>
              </value>
            </param>
            <param index="1">
              <value>
                <![CDATA[[TestResult name=testRegistration status=SUCCESS method=RegisterPageTest.testRegistration(java.lang.String,java.lang.String,java.lang.String,java.lang.String)[pri:0, instance:testpages.RegisterPageTest@74e28667] output={null}]]]>
              </value>
            </param>
          </params>
          <reporter-output>
          </reporter-output>
        </test-method> <!-- generateTestStatus -->
        <test-method is-config="true" signature="tearDown()[pri:0, instance:testpages.RegisterPageTest@74e28667]" started-at="2024-11-15T12:25:23 IST" name="tearDown" finished-at="2024-11-15T12:25:23 IST" duration-ms="452" status="PASS">
          <reporter-output>
          </reporter-output>
        </test-method> <!-- tearDown -->
        <test-method is-config="true" signature="closeBrowser()[pri:0, instance:testpages.RegisterPageTest@74e28667]" started-at="2024-11-15T12:25:23 IST" name="closeBrowser" finished-at="2024-11-15T12:25:25 IST" duration-ms="2358" status="PASS">
          <reporter-output>
          </reporter-output>
        </test-method> <!-- closeBrowser -->
        <test-method is-config="true" signature="generateReports()[pri:0, instance:testpages.RegisterPageTest@74e28667]" started-at="2024-11-15T12:25:26 IST" name="generateReports" finished-at="2024-11-15T12:25:28 IST" duration-ms="2275" status="PASS">
          <reporter-output>
          </reporter-output>
        </test-method> <!-- generateReports -->
      </class> <!-- testpages.RegisterPageTest -->
    </test> <!-- Default test -->
  </suite> <!-- Default suite -->
</testng-results>
